<?xml version="1.0" encoding="UTF-8"?>
<testsuites>
  <testsuite name="" tests="4" assertions="34" failures="0" errors="0" time="0.375000">
    <testsuite name="JSONSchema\Tests\GeneratorTest" file="C:\Documents and Settings\Stagiaire\git\php-json-schema-generator\tests\JSONSchema\Tests\GeneratorTest.php" tests="3" assertions="34" failures="0" errors="0" time="0.359375">
      <testcase name="testCanParseSimple" class="JSONSchema\Tests\GeneratorTest" file="C:\Documents and Settings\Stagiaire\git\php-json-schema-generator\tests\JSONSchema\Tests\GeneratorTest.php" line="22" assertions="10" time="0.140625"/>
      <testcase name="testFunctionalClassLoad" class="JSONSchema\Tests\GeneratorTest" file="C:\Documents and Settings\Stagiaire\git\php-json-schema-generator\tests\JSONSchema\Tests\GeneratorTest.php" line="46" assertions="5" time="0.046875"/>
      <testcase name="testCanParseExample2" class="JSONSchema\Tests\GeneratorTest" file="C:\Documents and Settings\Stagiaire\git\php-json-schema-generator\tests\JSONSchema\Tests\GeneratorTest.php" line="70" assertions="19" time="0.171875"/>
    </testsuite>
    <testsuite name="JSONSchema\Tests\Parsers\ArrayParserTest" file="C:\Documents and Settings\Stagiaire\git\php-json-schema-generator\tests\JSONSchema\Tests\Parsers\ArrayParserTest.php" tests="1" assertions="0" failures="0" errors="0" time="0.015625">
      <testcase name="testCanParseArray" class="JSONSchema\Tests\Parsers\ArrayParserTest" file="C:\Documents and Settings\Stagiaire\git\php-json-schema-generator\tests\JSONSchema\Tests\Parsers\ArrayParserTest.php" line="24" assertions="0" time="0.015625"/>
    </testsuite>
  </testsuite>
</testsuites>
