<?xml version="1.0" encoding="UTF-8"?>
<testsuites>
  <testsuite name="" tests="9" assertions="15" failures="1" errors="0" time="0.656250">
    <testsuite name="JSONSchema\Tests\Parsers\JSONStringParse\IsValidTypeTest" file="C:\Documents and Settings\Stagiaire\git\php-json-schema-generator\tests\JSONSchema\Tests\Parsers\JSONStringParser\IsValidTypeTest.php" tests="2" assertions="2" failures="0" errors="0" time="0.093750">
      <testcase name="testIsValid" class="JSONSchema\Tests\Parsers\JSONStringParse\IsValidTypeTest" file="C:\Documents and Settings\Stagiaire\git\php-json-schema-generator\tests\JSONSchema\Tests\Parsers\JSONStringParser\IsValidTypeTest.php" line="8" assertions="1" time="0.062500"/>
      <testcase name="testIsNotValid" class="JSONSchema\Tests\Parsers\JSONStringParse\IsValidTypeTest" file="C:\Documents and Settings\Stagiaire\git\php-json-schema-generator\tests\JSONSchema\Tests\Parsers\JSONStringParser\IsValidTypeTest.php" line="15" assertions="1" time="0.031250"/>
    </testsuite>
    <testsuite name="JSONSchema\Tests\Parsers\JSONStringParse\ParseTest" file="C:\Documents and Settings\Stagiaire\git\php-json-schema-generator\tests\JSONSchema\Tests\Parsers\JSONStringParser\ParseTest.php" tests="3" assertions="5" failures="0" errors="0" time="0.156250">
      <testcase name="testParsingFail" class="JSONSchema\Tests\Parsers\JSONStringParse\ParseTest" file="C:\Documents and Settings\Stagiaire\git\php-json-schema-generator\tests\JSONSchema\Tests\Parsers\JSONStringParser\ParseTest.php" line="8" assertions="1" time="0.031250"/>
      <testcase name="testParsingSimple" class="JSONSchema\Tests\Parsers\JSONStringParse\ParseTest" file="C:\Documents and Settings\Stagiaire\git\php-json-schema-generator\tests\JSONSchema\Tests\Parsers\JSONStringParser\ParseTest.php" line="16" assertions="1" time="0.031250"/>
      <testcase name="testComplex" class="JSONSchema\Tests\Parsers\JSONStringParse\ParseTest" file="C:\Documents and Settings\Stagiaire\git\php-json-schema-generator\tests\JSONSchema\Tests\Parsers\JSONStringParser\ParseTest.php" line="23" assertions="3" time="0.093750"/>
    </testsuite>
    <testsuite name="JSONSchema\Tests\Parsers\ParserFactory\GetParserTest" file="C:\Documents and Settings\Stagiaire\git\php-json-schema-generator\tests\JSONSchema\Tests\Parsers\ParserFactory\GetParserTest.php" tests="2" assertions="4" failures="0" errors="0" time="0.265625">
      <testcase name="testThrowExceptionWhenTypeNoValid" class="JSONSchema\Tests\Parsers\ParserFactory\GetParserTest" file="C:\Documents and Settings\Stagiaire\git\php-json-schema-generator\tests\JSONSchema\Tests\Parsers\ParserFactory\GetParserTest.php" line="8" assertions="2" time="0.171875"/>
      <testcase name="testReturnWhenValid" class="JSONSchema\Tests\Parsers\ParserFactory\GetParserTest" file="C:\Documents and Settings\Stagiaire\git\php-json-schema-generator\tests\JSONSchema\Tests\Parsers\ParserFactory\GetParserTest.php" line="25" assertions="2" time="0.093750"/>
    </testsuite>
    <testsuite name="JSONSchema\Tests\SchemaGeneratorFactory\GetInstanceTest" file="C:\Documents and Settings\Stagiaire\git\php-json-schema-generator\tests\JSONSchema\Tests\SchemaGeneratorFactory\GetInstanceTest.php" tests="1" assertions="1" failures="0" errors="0" time="0.015625">
      <testcase name="testInstance" class="JSONSchema\Tests\SchemaGeneratorFactory\GetInstanceTest" file="C:\Documents and Settings\Stagiaire\git\php-json-schema-generator\tests\JSONSchema\Tests\SchemaGeneratorFactory\GetInstanceTest.php" line="8" assertions="1" time="0.015625"/>
    </testsuite>
    <testsuite name="JSONSchema\Tests\SchemaGenerator\ParseTest" file="C:\Documents and Settings\Stagiaire\git\php-json-schema-generator\tests\JSONSchema\Tests\SchemaGenerator\ParseTest.php" tests="1" assertions="3" failures="1" errors="0" time="0.125000">
      <testcase name="testParseIsWellCall" class="JSONSchema\Tests\SchemaGenerator\ParseTest" file="C:\Documents and Settings\Stagiaire\git\php-json-schema-generator\tests\JSONSchema\Tests\SchemaGenerator\ParseTest.php" line="9" assertions="3" time="0.125000">
        <failure type="PHPUnit_Framework_ExpectationFailedException">JSONSchema\Tests\SchemaGenerator\ParseTest::testParseIsWellCall
Expectation failed for method name is equal to &lt;string:parse&gt; when invoked 1 time(s).
Method was expected to be called 1 times, actually called 0 times.

</failure>
      </testcase>
    </testsuite>
  </testsuite>
</testsuites>
